Arguments: 
  C:\Program Files\nodejs\node.exe C:\Users\alumno\AppData\Roaming\npm\node_modules\yarn\bin\yarn.js add bosttrap

PATH: 
  C:\ProgramData\Oracle\Java\javapath;C:\Python27\;C:\Python27\Scripts;C:\Windows\system32;C:\Windows;C:\Windows\System32\Wbem;C:\Windows\System32\WindowsPowerShell\v1.0\;C:\Program Files (x86)\Intel\OpenCL SDK\2.0\bin\x86;C:\Program Files (x86)\Intel\OpenCL SDK\2.0\bin\x64;C:\Program Files\Microsoft\Web Platform Installer\;C:\Program Files (x86)\Microsoft ASP.NET\ASP.NET Web Pages\v1.0\;C:\Program Files (x86)\Windows Kits\8.0\Windows Performance Toolkit\;C:\Program Files\Microsoft SQL Server\110\Tools\Binn\;C:\Program Files\Git\cmd;C:\Program Files (x86)\Microsoft SQL Server\110\Tools\Binn\;C:\Program Files\Microsoft SQL Server\110\DTS\Binn\;C:\Program Files (x86)\Microsoft SQL Server\110\Tools\Binn\ManagementStudio\;C:\Program Files (x86)\Microsoft Visual Studio 10.0\Common7\IDE\PrivateAssemblies\;C:\Program Files (x86)\Microsoft SQL Server\110\DTS\Binn\;C:\Program Files\nodejs\;C:\Program Files (x86)\PuTTY\;C:\Program Files\dotnet\;C:\Program Files\Microsoft SQL Server\130\Tools\Binn\;;C:\Program Files\MongoDB\Server\3.4\bin;C:\Users\alumno\AppData\Roaming\npm;D:\sistemas;C:\Program Files (x86)\Microsoft VS Code\bin

Yarn version: 
  1.16.0

Node version: 
  7.2.0

Platform: 
  win32 x64

Trace: 
  Error: https://registry.yarnpkg.com/bosttrap: Not found
      at Request.params.callback [as _callback] (C:\Users\alumno\AppData\Roaming\npm\node_modules\yarn\lib\cli.js:66091:18)
      at Request.self.callback (C:\Users\alumno\AppData\Roaming\npm\node_modules\yarn\lib\cli.js:129590:22)
      at emitTwo (events.js:106:13)
      at Request.emit (events.js:191:7)
      at Request.<anonymous> (C:\Users\alumno\AppData\Roaming\npm\node_modules\yarn\lib\cli.js:130562:10)
      at emitOne (events.js:96:13)
      at Request.emit (events.js:188:7)
      at IncomingMessage.<anonymous> (C:\Users\alumno\AppData\Roaming\npm\node_modules\yarn\lib\cli.js:130484:12)
      at IncomingMessage.g (events.js:292:16)
      at emitNone (events.js:91:20)

npm manifest: 
  {
    "name": "ej2",
    "version": "1.0.0",
    "main": "index.js",
    "license": "MIT",
    "dependencies": {
      "boostrap": "^2.0.0",
      "jquery": "^3.4.1"
    }
  }

yarn manifest: 
  No manifest

Lockfile: 
  # THIS IS AN AUTOGENERATED FILE. DO NOT EDIT THIS FILE DIRECTLY.
  # yarn lockfile v1
  
  
  boostrap@^2.0.0:
    version "2.0.0"
    resolved "https://registry.yarnpkg.com/boostrap/-/boostrap-2.0.0.tgz#f0a5256bc379c5da540564389e48e85e9ccff9fc"
    integrity sha512-JEeFMOweKeGXEM9rt95eaVISOkluG9aKcl0jQCETOVH9jynCZxuBZe2oWgcWJpj5wqYWZl625SnW7OgHT2Ineg==
  
  jquery@^3.4.1:
    version "3.4.1"
    resolved "https://registry.yarnpkg.com/jquery/-/jquery-3.4.1.tgz#714f1f8d9dde4bdfa55764ba37ef214630d80ef2"
    integrity sha512-36+AdBzCL+y6qjw5Tx7HgzeGCzC81MDDgaUP8ld2zhx58HdqXGoBd+tHdrBMiyjGQs0Hxs/MLZTu/eHNJJuWPw==
